2020-07-27 19:03:46,006 INFO o.s.t.c.s.AbstractTestContextBootstrapper [main] Neither @ContextConfiguration nor @ContextHierarchy found for test class [com.api.pedido.PedidoApplicationTests], using SpringBootContextLoader
2020-07-27 19:03:46,015 INFO o.s.t.c.s.AbstractContextLoader [main] Could not detect default resource locations for test class [com.api.pedido.PedidoApplicationTests]: no resource found for suffixes {-context.xml, Context.groovy}.
2020-07-27 19:03:46,016 INFO o.s.t.c.s.AnnotationConfigContextLoaderUtils [main] Could not detect default configuration classes for test class [com.api.pedido.PedidoApplicationTests]: PedidoApplicationTests does not declare any static, non-private, non-final, nested classes annotated with @Configuration.
2020-07-27 19:03:46,129 INFO o.s.b.t.c.SpringBootTestContextBootstrapper [main] Found @SpringBootConfiguration com.api.pedido.PedidoApplication for test class com.api.pedido.PedidoApplicationTests
2020-07-27 19:03:46,212 INFO o.s.t.c.s.AbstractTestContextBootstrapper [main] Loaded default TestExecutionListener class names from location [META-INF/spring.factories]: [org.springframework.boot.test.mock.mockito.MockitoTestExecutionListener, org.springframework.boot.test.mock.mockito.ResetMocksTestExecutionListener, org.springframework.boot.test.autoconfigure.restdocs.RestDocsTestExecutionListener, org.springframework.boot.test.autoconfigure.web.client.MockRestServiceServerResetTestExecutionListener, org.springframework.boot.test.autoconfigure.web.servlet.MockMvcPrintOnlyOnFailureTestExecutionListener, org.springframework.boot.test.autoconfigure.web.servlet.WebDriverTestExecutionListener, org.springframework.boot.test.autoconfigure.webservices.client.MockWebServiceServerTestExecutionListener, org.springframework.test.context.web.ServletTestExecutionListener, org.springframework.test.context.support.DirtiesContextBeforeModesTestExecutionListener, org.springframework.test.context.support.DependencyInjectionTestExecutionListener, org.springframework.test.context.support.DirtiesContextTestExecutionListener, org.springframework.test.context.transaction.TransactionalTestExecutionListener, org.springframework.test.context.jdbc.SqlScriptsTestExecutionListener, org.springframework.test.context.event.EventPublishingTestExecutionListener]
2020-07-27 19:03:46,229 INFO o.s.t.c.s.AbstractTestContextBootstrapper [main] Using TestExecutionListeners: [org.springframework.test.context.web.ServletTestExecutionListener@4ad4936c, org.springframework.test.context.support.DirtiesContextBeforeModesTestExecutionListener@29d37757, org.springframework.boot.test.mock.mockito.MockitoTestExecutionListener@4fcc529, org.springframework.boot.test.autoconfigure.SpringBootDependencyInjectionTestExecutionListener@25cc7470, org.springframework.test.context.support.DirtiesContextTestExecutionListener@4beddc56, org.springframework.test.context.transaction.TransactionalTestExecutionListener@79b663b3, org.springframework.test.context.jdbc.SqlScriptsTestExecutionListener@1b812421, org.springframework.test.context.event.EventPublishingTestExecutionListener@5d28bcd5, org.springframework.boot.test.mock.mockito.ResetMocksTestExecutionListener@7882c44a, org.springframework.boot.test.autoconfigure.restdocs.RestDocsTestExecutionListener@32639b12, org.springframework.boot.test.autoconfigure.web.client.MockRestServiceServerResetTestExecutionListener@20d11153, org.springframework.boot.test.autoconfigure.web.servlet.MockMvcPrintOnlyOnFailureTestExecutionListener@3887cf88, org.springframework.boot.test.autoconfigure.web.servlet.WebDriverTestExecutionListener@5649ec46, org.springframework.boot.test.autoconfigure.webservices.client.MockWebServiceServerTestExecutionListener@78dc4696]
2020-07-27 19:03:46,484 INFO o.s.b.StartupInfoLogger [main] Starting PedidoApplicationTests on DESKTOP-9O7K5LN with PID 5096 (started by diegonicacio in D:\diegonicacio\Documents\zup\zup-livia\pedido)
2020-07-27 19:03:46,487 INFO o.s.b.SpringApplication [main] No active profile set, falling back to default profiles: default
2020-07-27 19:03:47,376 INFO o.s.d.r.c.RepositoryConfigurationDelegate [main] Bootstrapping Spring Data JPA repositories in DEFERRED mode.
2020-07-27 19:03:47,470 INFO o.s.d.r.c.RepositoryConfigurationDelegate [main] Finished Spring Data repository scanning in 86ms. Found 2 JPA repository interfaces.
2020-07-27 19:03:48,129 INFO o.s.s.c.ExecutorConfigurationSupport [main] Initializing ExecutorService 'applicationTaskExecutor'
2020-07-27 19:03:48,191 INFO o.h.j.i.u.LogHelper [task-1] HHH000204: Processing PersistenceUnitInfo [name: default]
2020-07-27 19:03:48,260 INFO o.h.Version [task-1] HHH000412: Hibernate ORM core version 5.4.18.Final
2020-07-27 19:03:48,456 INFO o.h.a.c.r.j.JavaReflectionManager [task-1] HCANN000001: Hibernate Commons Annotations {5.1.0.Final}
2020-07-27 19:03:48,767 WARN o.s.b.a.o.j.JpaBaseConfiguration$JpaWebConfiguration [main] spring.jpa.open-in-view is enabled by default. Therefore, database queries may be performed during view rendering. Explicitly configure spring.jpa.open-in-view to disable this warning
2020-07-27 19:03:48,813 INFO c.z.h.HikariDataSource [task-1] HikariPool-1 - Starting...
2020-07-27 19:03:48,940 INFO c.z.h.HikariDataSource [task-1] HikariPool-1 - Start completed.
2020-07-27 19:03:48,970 INFO o.h.d.Dialect [task-1] HHH000400: Using dialect: org.hibernate.dialect.PostgreSQLDialect
2020-07-27 19:03:49,810 INFO o.h.e.t.j.p.i.JtaPlatformInitiator [task-1] HHH000490: Using JtaPlatform implementation: [org.hibernate.engine.transaction.jta.platform.internal.NoJtaPlatform]
2020-07-27 19:03:49,820 INFO o.s.o.j.AbstractEntityManagerFactoryBean [task-1] Initialized JPA EntityManagerFactory for persistence unit 'default'
2020-07-27 19:03:51,498 INFO o.s.m.w.MockServletContext [main] Initializing Spring TestDispatcherServlet ''
2020-07-27 19:03:51,498 INFO o.s.w.s.FrameworkServlet [main] Initializing Servlet ''
2020-07-27 19:03:51,514 INFO o.s.w.s.FrameworkServlet [main] Completed initialization in 15 ms
2020-07-27 19:03:52,307 INFO o.s.d.r.c.DeferredRepositoryInitializationListener [main] Triggering deferred initialization of Spring Data repositories…
2020-07-27 19:03:52,307 INFO o.s.d.r.c.DeferredRepositoryInitializationListener [main] Spring Data repositories initialized!
2020-07-27 19:03:52,314 INFO o.s.b.StartupInfoLogger [main] Started PedidoApplicationTests in 6.047 seconds (JVM running for 7.436)
2020-07-27 19:05:55,311 WARN c.z.h.p.HikariPool$HouseKeeper [HikariPool-1 housekeeper] HikariPool-1 - Thread starvation or clock leap detected (housekeeper delta=58s285ms967µs801ns).
2020-07-27 19:05:55,351 INFO o.s.o.j.AbstractEntityManagerFactoryBean [SpringContextShutdownHook] Closing JPA EntityManagerFactory for persistence unit 'default'
2020-07-27 19:05:55,353 INFO o.s.s.c.ExecutorConfigurationSupport [SpringContextShutdownHook] Shutting down ExecutorService 'applicationTaskExecutor'
2020-07-27 19:05:55,353 INFO c.z.h.HikariDataSource [SpringContextShutdownHook] HikariPool-1 - Shutdown initiated...
2020-07-27 19:05:55,356 INFO c.z.h.HikariDataSource [SpringContextShutdownHook] HikariPool-1 - Shutdown completed.
